<?xml version="1.0" encoding="UTF-8"?>
<!-- Generated by org.testng.reporters.JUnitReportReporter -->
<testsuite skipped="0" hostname="DESKTOP-CT4BIKL" name="salesforcepkg.TC01" tests="1" failures="0" timestamp="2020-11-25T00:36:44 PST" time="11.951" errors="0">
  <testcase name="f" time="11.951" classname="salesforcepkg.TC01"/>
  <system-out/>
</testsuite> <!-- salesforcepkg.TC01 -->
